<?xml version="1.0" encoding="UTF-8"?>
<!-- Generated by org.testng.reporters.JUnitReportReporter -->
<testsuite hostname="EzhilVanans-MBP.lan" failures="0" tests="20" name="testRunner.AllureReport" time="53.569" errors="0" timestamp="2022-09-26T16:31:32 CDT" skipped="0">
  <testcase classname="testRunner.AllureReport" name="runScenario" time="2.796"/>
  <system-out/>
  <testcase classname="testRunner.AllureReport" name="runScenario" time="2.756"/>
  <system-out/>
  <testcase classname="testRunner.AllureReport" name="runScenario" time="2.725"/>
  <system-out/>
  <testcase classname="testRunner.AllureReport" name="runScenario" time="2.551"/>
  <system-out/>
  <testcase classname="testRunner.AllureReport" name="runScenario" time="2.724"/>
  <system-out/>
  <testcase classname="testRunner.AllureReport" name="runScenario" time="2.481"/>
  <system-out/>
  <testcase classname="testRunner.AllureReport" name="runScenario" time="2.430"/>
  <system-out/>
  <testcase classname="testRunner.AllureReport" name="runScenario" time="4.821"/>
  <system-out/>
  <testcase classname="testRunner.AllureReport" name="runScenario" time="2.415"/>
  <system-out/>
  <testcase classname="testRunner.AllureReport" name="runScenario" time="2.460"/>
  <system-out/>
  <testcase classname="testRunner.AllureReport" name="runScenario" time="2.610"/>
  <system-out/>
  <testcase classname="testRunner.AllureReport" name="runScenario" time="2.412"/>
  <system-out/>
  <testcase classname="testRunner.AllureReport" name="runScenario" time="2.374"/>
  <system-out/>
  <testcase classname="testRunner.AllureReport" name="runScenario" time="2.622"/>
  <system-out/>
  <testcase classname="testRunner.AllureReport" name="runScenario" time="2.368"/>
  <system-out/>
  <testcase classname="testRunner.AllureReport" name="runScenario" time="2.694"/>
  <system-out/>
  <testcase classname="testRunner.AllureReport" name="runScenario" time="2.750"/>
  <system-out/>
  <testcase classname="testRunner.AllureReport" name="runScenario" time="2.406"/>
  <system-out/>
  <testcase classname="testRunner.AllureReport" name="runScenario" time="2.720"/>
  <system-out/>
  <testcase classname="testRunner.AllureReport" name="runScenario" time="2.454"/>
  <system-out/>
</testsuite> <!-- testRunner.AllureReport -->
