<?xml version="1.0" encoding="UTF-8"?>
<!-- Generated by org.testng.reporters.JUnitReportReporter -->
<testsuite hostname="EzhilVanans-MBP.lan" failures="0" tests="20" name="testRunner.ExtendReport" time="57.435" errors="0" timestamp="2022-09-26T16:33:22 CDT" skipped="0">
  <testcase classname="testRunner.ExtendReport" name="runScenario" time="2.718"/>
  <system-out/>
  <testcase classname="testRunner.ExtendReport" name="runScenario" time="2.770"/>
  <system-out/>
  <testcase classname="testRunner.ExtendReport" name="runScenario" time="2.746"/>
  <system-out/>
  <testcase classname="testRunner.ExtendReport" name="runScenario" time="2.758"/>
  <system-out/>
  <testcase classname="testRunner.ExtendReport" name="runScenario" time="2.338"/>
  <system-out/>
  <testcase classname="testRunner.ExtendReport" name="runScenario" time="4.408"/>
  <system-out/>
  <testcase classname="testRunner.ExtendReport" name="runScenario" time="2.924"/>
  <system-out/>
  <testcase classname="testRunner.ExtendReport" name="runScenario" time="2.712"/>
  <system-out/>
  <testcase classname="testRunner.ExtendReport" name="runScenario" time="2.668"/>
  <system-out/>
  <testcase classname="testRunner.ExtendReport" name="runScenario" time="2.706"/>
  <system-out/>
  <testcase classname="testRunner.ExtendReport" name="runScenario" time="2.795"/>
  <system-out/>
  <testcase classname="testRunner.ExtendReport" name="runScenario" time="2.450"/>
  <system-out/>
  <testcase classname="testRunner.ExtendReport" name="runScenario" time="2.331"/>
  <system-out/>
  <testcase classname="testRunner.ExtendReport" name="runScenario" time="2.939"/>
  <system-out/>
  <testcase classname="testRunner.ExtendReport" name="runScenario" time="2.863"/>
  <system-out/>
  <testcase classname="testRunner.ExtendReport" name="runScenario" time="2.428"/>
  <system-out/>
  <testcase classname="testRunner.ExtendReport" name="runScenario" time="3.153"/>
  <system-out/>
  <testcase classname="testRunner.ExtendReport" name="runScenario" time="3.034"/>
  <system-out/>
  <testcase classname="testRunner.ExtendReport" name="runScenario" time="3.149"/>
  <system-out/>
  <testcase classname="testRunner.ExtendReport" name="runScenario" time="3.545"/>
  <system-out/>
</testsuite> <!-- testRunner.ExtendReport -->
