<?xml version="1.0" encoding="UTF-8"?>
<!-- Generated by org.testng.reporters.JUnitReportReporter -->
<testsuite hostname="EzhilVanans-MBP.lan" failures="0" tests="1" name="utils.ConfigReader" time="0.007" errors="0" timestamp="2022-09-23T18:36:35 CDT" skipped="0">
  <testcase classname="utils.ConfigReader" name="readPropFiles" time="0.007"/>
  <system-out/>
</testsuite> <!-- utils.ConfigReader -->
